<?xml version="1.0" encoding="UTF-8"?>
<!-- Generated by org.testng.reporters.JUnitReportReporter -->
<testsuite name="com.qa.hubspot.tests.HomePageTest" tests="3" time="15.022" ignored="0" failures="0" timestamp="29 Apr 2020 04:30:17 GMT" skipped="3" hostname="Naveen-Mac.local" errors="0">
  <testcase name="veriyLoggedInUserTest" time="5.005" classname="com.qa.hubspot.tests.HomePageTest">
    <skipped/>
  </testcase> <!-- veriyLoggedInUserTest -->
  <testcase name="VerifyHomePageTitleTest" time="5.006" classname="com.qa.hubspot.tests.HomePageTest">
    <skipped/>
  </testcase> <!-- VerifyHomePageTitleTest -->
  <testcase name="verifyHomePageHeaderTest" time="5.011" classname="com.qa.hubspot.tests.HomePageTest">
    <skipped/>
  </testcase> <!-- verifyHomePageHeaderTest -->
</testsuite> <!-- com.qa.hubspot.tests.HomePageTest -->
