<?xml version="1.0" encoding="UTF-8"?>
<!-- Generated by org.testng.reporters.JUnitReportReporter -->
<testsuite skipped="2" hostname="Safdar-PC" name="com.qa.hubspot.tests.LoginPageTest" tests="3" failures="0" timestamp="2020-05-09T15:05:40 IST" time="3.133" errors="0">
  <testcase name="verifyLoginPageTitleTest" time="3.133" classname="com.qa.hubspot.tests.LoginPageTest"/>
  <system-out/>
  <testcase name="verifySignUpLinkTest" classname="com.qa.hubspot.tests.LoginPageTest">
    <skipped/>
  </testcase> <!-- verifySignUpLinkTest -->
  <system-out/>
  <testcase name="loginTest" classname="com.qa.hubspot.tests.LoginPageTest">
    <skipped/>
  </testcase> <!-- loginTest -->
  <system-out/>
</testsuite> <!-- com.qa.hubspot.tests.LoginPageTest -->
