<?xml version="1.0" encoding="UTF-8"?>
<!-- Generated by org.testng.reporters.JUnitReportReporter -->
<testsuite skipped="1" hostname="DESKTOP-431RUTU" name="com.qa.linkedin.Tests.HomePageTest" tests="1" failures="0" timestamp="2020-07-18T12:06:19 IST" time="0.000" errors="0">
  <testcase name="VerifyHomePageTitleTest" time="0.000" classname="com.qa.linkedin.Tests.HomePageTest">
    <skipped/>
  </testcase> <!-- VerifyHomePageTitleTest -->
  <system-out/>
</testsuite> <!-- com.qa.linkedin.Tests.HomePageTest -->
